Analysis & Synthesis report for datapath
Thu May  2 18:59:38 2019
Quartus Prime Version 17.1.0 Build 590 10/25/2017 SJ Standard Edition


---------------------
; Table of Contents ;
---------------------
  1. Legal Notice
  2. Analysis & Synthesis Summary
  3. Analysis & Synthesis Settings
  4. Parallel Compilation
  5. Analysis & Synthesis Source Files Read
  6. Analysis & Synthesis Resource Usage Summary
  7. Analysis & Synthesis Resource Utilization by Entity
  8. Registers Removed During Synthesis
  9. Removed Registers Triggering Further Register Optimizations
 10. General Register Statistics
 11. Multiplexer Restructuring Statistics (Restructuring Performed)
 12. Parameter Settings for User Entity Instance: flopr:pcreg
 13. Parameter Settings for User Entity Instance: mux2:pcbrmux
 14. Parameter Settings for User Entity Instance: mux2:srcbmux
 15. Port Connectivity Checks: "adder:pcadd1"
 16. Post-Synthesis Netlist Statistics for Top Partition
 17. Elapsed Time Per Partition
 18. Analysis & Synthesis Messages
 19. Analysis & Synthesis Suppressed Messages



----------------
; Legal Notice ;
----------------
Copyright (C) 2017  Intel Corporation. All rights reserved.
Your use of Intel Corporation's design tools, logic functions 
and other software and tools, and its AMPP partner logic 
functions, and any output files from any of the foregoing 
(including device programming or simulation files), and any 
associated documentation or information are expressly subject 
to the terms and conditions of the Intel Program License 
Subscription Agreement, the Intel Quartus Prime License Agreement,
the Intel FPGA IP License Agreement, or other applicable license
agreement, including, without limitation, that your use is for
the sole purpose of programming logic devices manufactured by
Intel and sold by Intel or its authorized distributors.  Please
refer to the applicable agreement for further details.



+--------------------------------------------------------------------------------------+
; Analysis & Synthesis Summary                                                         ;
+------------------------------------+-------------------------------------------------+
; Analysis & Synthesis Status        ; Successful - Thu May  2 18:59:38 2019           ;
; Quartus Prime Version              ; 17.1.0 Build 590 10/25/2017 SJ Standard Edition ;
; Revision Name                      ; datapath                                        ;
; Top-level Entity Name              ; datapath                                        ;
; Family                             ; Cyclone IV E                                    ;
; Total logic elements               ; 91                                              ;
;     Total combinational functions  ; 91                                              ;
;     Dedicated logic registers      ; 16                                              ;
; Total registers                    ; 16                                              ;
; Total pins                         ; 111                                             ;
; Total virtual pins                 ; 0                                               ;
; Total memory bits                  ; 0                                               ;
; Embedded Multiplier 9-bit elements ; 0                                               ;
; Total PLLs                         ; 0                                               ;
+------------------------------------+-------------------------------------------------+


+----------------------------------------------------------------------------------------------------------------------+
; Analysis & Synthesis Settings                                                                                        ;
+----------------------------------------------------------------------------+--------------------+--------------------+
; Option                                                                     ; Setting            ; Default Value      ;
+----------------------------------------------------------------------------+--------------------+--------------------+
; Device                                                                     ; EP4CE30F23I7       ;                    ;
; Top-level entity name                                                      ; datapath           ; datapath           ;
; Family name                                                                ; Cyclone IV E       ; Cyclone V          ;
; Use smart compilation                                                      ; Off                ; Off                ;
; Enable parallel Assembler and TimeQuest Timing Analyzer during compilation ; On                 ; On                 ;
; Enable compact report table                                                ; Off                ; Off                ;
; Restructure Multiplexers                                                   ; Auto               ; Auto               ;
; Create Debugging Nodes for IP Cores                                        ; Off                ; Off                ;
; Preserve fewer node names                                                  ; On                 ; On                 ;
; Intel FPGA IP Evaluation Mode                                              ; Enable             ; Enable             ;
; Verilog Version                                                            ; Verilog_2001       ; Verilog_2001       ;
; VHDL Version                                                               ; VHDL_1993          ; VHDL_1993          ;
; State Machine Processing                                                   ; Auto               ; Auto               ;
; Safe State Machine                                                         ; Off                ; Off                ;
; Extract Verilog State Machines                                             ; On                 ; On                 ;
; Extract VHDL State Machines                                                ; On                 ; On                 ;
; Ignore Verilog initial constructs                                          ; Off                ; Off                ;
; Iteration limit for constant Verilog loops                                 ; 5000               ; 5000               ;
; Iteration limit for non-constant Verilog loops                             ; 250                ; 250                ;
; Add Pass-Through Logic to Inferred RAMs                                    ; On                 ; On                 ;
; Infer RAMs from Raw Logic                                                  ; On                 ; On                 ;
; Parallel Synthesis                                                         ; On                 ; On                 ;
; DSP Block Balancing                                                        ; Auto               ; Auto               ;
; NOT Gate Push-Back                                                         ; On                 ; On                 ;
; Power-Up Don't Care                                                        ; On                 ; On                 ;
; Remove Redundant Logic Cells                                               ; Off                ; Off                ;
; Remove Duplicate Registers                                                 ; On                 ; On                 ;
; Ignore CARRY Buffers                                                       ; Off                ; Off                ;
; Ignore CASCADE Buffers                                                     ; Off                ; Off                ;
; Ignore GLOBAL Buffers                                                      ; Off                ; Off                ;
; Ignore ROW GLOBAL Buffers                                                  ; Off                ; Off                ;
; Ignore LCELL Buffers                                                       ; Off                ; Off                ;
; Ignore SOFT Buffers                                                        ; On                 ; On                 ;
; Limit AHDL Integers to 32 Bits                                             ; Off                ; Off                ;
; Optimization Technique                                                     ; Balanced           ; Balanced           ;
; Carry Chain Length                                                         ; 70                 ; 70                 ;
; Auto Carry Chains                                                          ; On                 ; On                 ;
; Auto Open-Drain Pins                                                       ; On                 ; On                 ;
; Perform WYSIWYG Primitive Resynthesis                                      ; Off                ; Off                ;
; Auto ROM Replacement                                                       ; On                 ; On                 ;
; Auto RAM Replacement                                                       ; On                 ; On                 ;
; Auto DSP Block Replacement                                                 ; On                 ; On                 ;
; Auto Shift Register Replacement                                            ; Auto               ; Auto               ;
; Allow Shift Register Merging across Hierarchies                            ; Auto               ; Auto               ;
; Auto Clock Enable Replacement                                              ; On                 ; On                 ;
; Strict RAM Replacement                                                     ; Off                ; Off                ;
; Allow Synchronous Control Signals                                          ; On                 ; On                 ;
; Force Use of Synchronous Clear Signals                                     ; Off                ; Off                ;
; Auto RAM Block Balancing                                                   ; On                 ; On                 ;
; Auto RAM to Logic Cell Conversion                                          ; Off                ; Off                ;
; Auto Resource Sharing                                                      ; Off                ; Off                ;
; Allow Any RAM Size For Recognition                                         ; Off                ; Off                ;
; Allow Any ROM Size For Recognition                                         ; Off                ; Off                ;
; Allow Any Shift Register Size For Recognition                              ; Off                ; Off                ;
; Use LogicLock Constraints during Resource Balancing                        ; On                 ; On                 ;
; Ignore translate_off and synthesis_off directives                          ; Off                ; Off                ;
; Timing-Driven Synthesis                                                    ; On                 ; On                 ;
; Report Parameter Settings                                                  ; On                 ; On                 ;
; Report Source Assignments                                                  ; On                 ; On                 ;
; Report Connectivity Checks                                                 ; On                 ; On                 ;
; Ignore Maximum Fan-Out Assignments                                         ; Off                ; Off                ;
; Synchronization Register Chain Length                                      ; 2                  ; 2                  ;
; Power Optimization During Synthesis                                        ; Normal compilation ; Normal compilation ;
; HDL message level                                                          ; Level2             ; Level2             ;
; Suppress Register Optimization Related Messages                            ; Off                ; Off                ;
; Number of Removed Registers Reported in Synthesis Report                   ; 5000               ; 5000               ;
; Number of Swept Nodes Reported in Synthesis Report                         ; 5000               ; 5000               ;
; Number of Inverted Registers Reported in Synthesis Report                  ; 100                ; 100                ;
; Clock MUX Protection                                                       ; On                 ; On                 ;
; Auto Gated Clock Conversion                                                ; Off                ; Off                ;
; Block Design Naming                                                        ; Auto               ; Auto               ;
; SDC constraint protection                                                  ; Off                ; Off                ;
; Synthesis Effort                                                           ; Auto               ; Auto               ;
; Shift Register Replacement - Allow Asynchronous Clear Signal               ; On                 ; On                 ;
; Pre-Mapping Resynthesis Optimization                                       ; Off                ; Off                ;
; Analysis & Synthesis Message Level                                         ; Medium             ; Medium             ;
; Disable Register Merging Across Hierarchies                                ; Auto               ; Auto               ;
; Resource Aware Inference For Block RAM                                     ; On                 ; On                 ;
+----------------------------------------------------------------------------+--------------------+--------------------+


+------------------------------------------+
; Parallel Compilation                     ;
+----------------------------+-------------+
; Processors                 ; Number      ;
+----------------------------+-------------+
; Number detected on machine ; 8           ;
; Maximum allowed            ; 4           ;
;                            ;             ;
; Average used               ; 1.00        ;
; Maximum used               ; 4           ;
;                            ;             ;
; Usage by Processor         ; % Time Used ;
;     Processor 1            ; 100.0%      ;
;     Processor 2            ;   0.0%      ;
;     Processors 3-4         ;   0.0%      ;
+----------------------------+-------------+


+-----------------------------------------------------------------------------------------------------------------------------------------------+
; Analysis & Synthesis Source Files Read                                                                                                        ;
+----------------------------------+-----------------+------------------------+-------------------------------------------------------+---------+
; File Name with User-Entered Path ; Used in Netlist ; File Type              ; File Name with Absolute Path                          ; Library ;
+----------------------------------+-----------------+------------------------+-------------------------------------------------------+---------+
; datapath.v                       ; yes             ; User Verilog HDL File  ; /export/home/016/a0163072/CPU/git/datapath/datapath.v ;         ;
; regfile.v                        ; yes             ; User Verilog HDL File  ; /export/home/016/a0163072/CPU/git/datapath/regfile.v  ;         ;
; adder.v                          ; yes             ; User Verilog HDL File  ; /export/home/016/a0163072/CPU/git/datapath/adder.v    ;         ;
; signext.v                        ; yes             ; User Verilog HDL File  ; /export/home/016/a0163072/CPU/git/datapath/signext.v  ;         ;
; flopr.v                          ; yes             ; User Verilog HDL File  ; /export/home/016/a0163072/CPU/git/datapath/flopr.v    ;         ;
; mux2.v                           ; yes             ; User Verilog HDL File  ; /export/home/016/a0163072/CPU/git/datapath/mux2.v     ;         ;
; ALU.v                            ; yes             ; User Verilog HDL File  ; /export/home/016/a0163072/CPU/git/datapath/ALU.v      ;         ;
+----------------------------------+-----------------+------------------------+-------------------------------------------------------+---------+


+---------------------------------------------------------------+
; Analysis & Synthesis Resource Usage Summary                   ;
+---------------------------------------------+-----------------+
; Resource                                    ; Usage           ;
+---------------------------------------------+-----------------+
; Estimated Total logic elements              ; 91              ;
;                                             ;                 ;
; Total combinational functions               ; 91              ;
; Logic element usage by number of LUT inputs ;                 ;
;     -- 4 input functions                    ; 24              ;
;     -- 3 input functions                    ; 33              ;
;     -- <=2 input functions                  ; 34              ;
;                                             ;                 ;
; Logic elements by mode                      ;                 ;
;     -- normal mode                          ; 45              ;
;     -- arithmetic mode                      ; 46              ;
;                                             ;                 ;
; Total registers                             ; 16              ;
;     -- Dedicated logic registers            ; 16              ;
;     -- I/O registers                        ; 0               ;
;                                             ;                 ;
; I/O pins                                    ; 111             ;
;                                             ;                 ;
; Embedded Multiplier 9-bit elements          ; 0               ;
;                                             ;                 ;
; Maximum fan-out node                        ; instrD[7]~input ;
; Maximum fan-out                             ; 18              ;
; Total fan-out                               ; 487             ;
; Average fan-out                             ; 1.48            ;
+---------------------------------------------+-----------------+


+-------------------------------------------------------------------------------------------------------------------------------------------------------------------------------------------------------------+
; Analysis & Synthesis Resource Utilization by Entity                                                                                                                                                         ;
+----------------------------+---------------------+---------------------------+-------------+--------------+---------+-----------+------+--------------+------------------------+-------------+--------------+
; Compilation Hierarchy Node ; Combinational ALUTs ; Dedicated Logic Registers ; Memory Bits ; DSP Elements ; DSP 9x9 ; DSP 18x18 ; Pins ; Virtual Pins ; Full Hierarchy Name    ; Entity Name ; Library Name ;
+----------------------------+---------------------+---------------------------+-------------+--------------+---------+-----------+------+--------------+------------------------+-------------+--------------+
; |datapath                  ; 91 (0)              ; 16 (0)                    ; 0           ; 0            ; 0       ; 0         ; 111  ; 0            ; |datapath              ; datapath    ; work         ;
;    |ALU:alu|               ; 43 (43)             ; 0 (0)                     ; 0           ; 0            ; 0       ; 0         ; 0    ; 0            ; |datapath|ALU:alu      ; ALU         ; work         ;
;    |adder:pcadd1|          ; 16 (16)             ; 0 (0)                     ; 0           ; 0            ; 0       ; 0         ; 0    ; 0            ; |datapath|adder:pcadd1 ; adder       ; work         ;
;    |flopr:pcreg|           ; 16 (16)             ; 16 (16)                   ; 0           ; 0            ; 0       ; 0         ; 0    ; 0            ; |datapath|flopr:pcreg  ; flopr       ; work         ;
;    |mux2:srcbmux|          ; 16 (16)             ; 0 (0)                     ; 0           ; 0            ; 0       ; 0         ; 0    ; 0            ; |datapath|mux2:srcbmux ; mux2        ; work         ;
+----------------------------+---------------------+---------------------------+-------------+--------------+---------+-----------+------+--------------+------------------------+-------------+--------------+
Note: For table entries with two numbers listed, the numbers in parentheses indicate the number of resources of the given type used by the specific entity alone. The numbers listed outside of parentheses indicate the total resources of the given type used by the specific entity and all of its sub-entities in the hierarchy.


+----------------------------------------------------------------------------------+
; Registers Removed During Synthesis                                               ;
+-----------------------------------------+----------------------------------------+
; Register name                           ; Reason for Removal                     ;
+-----------------------------------------+----------------------------------------+
; regfile:re|rf~0                         ; Stuck at GND due to stuck port data_in ;
; regfile:re|rf~16                        ; Stuck at GND due to stuck port data_in ;
; regfile:re|rf~32                        ; Stuck at GND due to stuck port data_in ;
; regfile:re|rf~48                        ; Stuck at GND due to stuck port data_in ;
; regfile:re|rf~64                        ; Stuck at GND due to stuck port data_in ;
; regfile:re|rf~80                        ; Stuck at GND due to stuck port data_in ;
; regfile:re|rf~96                        ; Stuck at GND due to stuck port data_in ;
; regfile:re|rf~112                       ; Stuck at GND due to stuck port data_in ;
; regfile:re|rf~1                         ; Stuck at GND due to stuck port data_in ;
; regfile:re|rf~17                        ; Stuck at GND due to stuck port data_in ;
; regfile:re|rf~33                        ; Stuck at GND due to stuck port data_in ;
; regfile:re|rf~49                        ; Stuck at GND due to stuck port data_in ;
; regfile:re|rf~65                        ; Stuck at GND due to stuck port data_in ;
; regfile:re|rf~81                        ; Stuck at GND due to stuck port data_in ;
; regfile:re|rf~97                        ; Stuck at GND due to stuck port data_in ;
; regfile:re|rf~113                       ; Stuck at GND due to stuck port data_in ;
; regfile:re|rf~2                         ; Stuck at GND due to stuck port data_in ;
; regfile:re|rf~18                        ; Stuck at GND due to stuck port data_in ;
; regfile:re|rf~34                        ; Stuck at GND due to stuck port data_in ;
; regfile:re|rf~50                        ; Stuck at GND due to stuck port data_in ;
; regfile:re|rf~66                        ; Stuck at GND due to stuck port data_in ;
; regfile:re|rf~82                        ; Stuck at GND due to stuck port data_in ;
; regfile:re|rf~98                        ; Stuck at GND due to stuck port data_in ;
; regfile:re|rf~114                       ; Stuck at GND due to stuck port data_in ;
; regfile:re|rf~3                         ; Stuck at GND due to stuck port data_in ;
; regfile:re|rf~19                        ; Stuck at GND due to stuck port data_in ;
; regfile:re|rf~35                        ; Stuck at GND due to stuck port data_in ;
; regfile:re|rf~51                        ; Stuck at GND due to stuck port data_in ;
; regfile:re|rf~67                        ; Stuck at GND due to stuck port data_in ;
; regfile:re|rf~83                        ; Stuck at GND due to stuck port data_in ;
; regfile:re|rf~99                        ; Stuck at GND due to stuck port data_in ;
; regfile:re|rf~115                       ; Stuck at GND due to stuck port data_in ;
; regfile:re|rf~4                         ; Stuck at GND due to stuck port data_in ;
; regfile:re|rf~20                        ; Stuck at GND due to stuck port data_in ;
; regfile:re|rf~36                        ; Stuck at GND due to stuck port data_in ;
; regfile:re|rf~52                        ; Stuck at GND due to stuck port data_in ;
; regfile:re|rf~68                        ; Stuck at GND due to stuck port data_in ;
; regfile:re|rf~84                        ; Stuck at GND due to stuck port data_in ;
; regfile:re|rf~100                       ; Stuck at GND due to stuck port data_in ;
; regfile:re|rf~116                       ; Stuck at GND due to stuck port data_in ;
; regfile:re|rf~5                         ; Stuck at GND due to stuck port data_in ;
; regfile:re|rf~21                        ; Stuck at GND due to stuck port data_in ;
; regfile:re|rf~37                        ; Stuck at GND due to stuck port data_in ;
; regfile:re|rf~53                        ; Stuck at GND due to stuck port data_in ;
; regfile:re|rf~69                        ; Stuck at GND due to stuck port data_in ;
; regfile:re|rf~85                        ; Stuck at GND due to stuck port data_in ;
; regfile:re|rf~101                       ; Stuck at GND due to stuck port data_in ;
; regfile:re|rf~117                       ; Stuck at GND due to stuck port data_in ;
; regfile:re|rf~6                         ; Stuck at GND due to stuck port data_in ;
; regfile:re|rf~22                        ; Stuck at GND due to stuck port data_in ;
; regfile:re|rf~38                        ; Stuck at GND due to stuck port data_in ;
; regfile:re|rf~54                        ; Stuck at GND due to stuck port data_in ;
; regfile:re|rf~70                        ; Stuck at GND due to stuck port data_in ;
; regfile:re|rf~86                        ; Stuck at GND due to stuck port data_in ;
; regfile:re|rf~102                       ; Stuck at GND due to stuck port data_in ;
; regfile:re|rf~118                       ; Stuck at GND due to stuck port data_in ;
; regfile:re|rf~7                         ; Stuck at GND due to stuck port data_in ;
; regfile:re|rf~23                        ; Stuck at GND due to stuck port data_in ;
; regfile:re|rf~39                        ; Stuck at GND due to stuck port data_in ;
; regfile:re|rf~55                        ; Stuck at GND due to stuck port data_in ;
; regfile:re|rf~71                        ; Stuck at GND due to stuck port data_in ;
; regfile:re|rf~87                        ; Stuck at GND due to stuck port data_in ;
; regfile:re|rf~103                       ; Stuck at GND due to stuck port data_in ;
; regfile:re|rf~119                       ; Stuck at GND due to stuck port data_in ;
; regfile:re|rf~8                         ; Stuck at GND due to stuck port data_in ;
; regfile:re|rf~24                        ; Stuck at GND due to stuck port data_in ;
; regfile:re|rf~40                        ; Stuck at GND due to stuck port data_in ;
; regfile:re|rf~56                        ; Stuck at GND due to stuck port data_in ;
; regfile:re|rf~72                        ; Stuck at GND due to stuck port data_in ;
; regfile:re|rf~88                        ; Stuck at GND due to stuck port data_in ;
; regfile:re|rf~104                       ; Stuck at GND due to stuck port data_in ;
; regfile:re|rf~120                       ; Stuck at GND due to stuck port data_in ;
; regfile:re|rf~9                         ; Stuck at GND due to stuck port data_in ;
; regfile:re|rf~25                        ; Stuck at GND due to stuck port data_in ;
; regfile:re|rf~41                        ; Stuck at GND due to stuck port data_in ;
; regfile:re|rf~57                        ; Stuck at GND due to stuck port data_in ;
; regfile:re|rf~73                        ; Stuck at GND due to stuck port data_in ;
; regfile:re|rf~89                        ; Stuck at GND due to stuck port data_in ;
; regfile:re|rf~105                       ; Stuck at GND due to stuck port data_in ;
; regfile:re|rf~121                       ; Stuck at GND due to stuck port data_in ;
; regfile:re|rf~10                        ; Stuck at GND due to stuck port data_in ;
; regfile:re|rf~26                        ; Stuck at GND due to stuck port data_in ;
; regfile:re|rf~42                        ; Stuck at GND due to stuck port data_in ;
; regfile:re|rf~58                        ; Stuck at GND due to stuck port data_in ;
; regfile:re|rf~74                        ; Stuck at GND due to stuck port data_in ;
; regfile:re|rf~90                        ; Stuck at GND due to stuck port data_in ;
; regfile:re|rf~106                       ; Stuck at GND due to stuck port data_in ;
; regfile:re|rf~122                       ; Stuck at GND due to stuck port data_in ;
; regfile:re|rf~11                        ; Stuck at GND due to stuck port data_in ;
; regfile:re|rf~27                        ; Stuck at GND due to stuck port data_in ;
; regfile:re|rf~43                        ; Stuck at GND due to stuck port data_in ;
; regfile:re|rf~59                        ; Stuck at GND due to stuck port data_in ;
; regfile:re|rf~75                        ; Stuck at GND due to stuck port data_in ;
; regfile:re|rf~91                        ; Stuck at GND due to stuck port data_in ;
; regfile:re|rf~107                       ; Stuck at GND due to stuck port data_in ;
; regfile:re|rf~123                       ; Stuck at GND due to stuck port data_in ;
; regfile:re|rf~12                        ; Stuck at GND due to stuck port data_in ;
; regfile:re|rf~28                        ; Stuck at GND due to stuck port data_in ;
; regfile:re|rf~44                        ; Stuck at GND due to stuck port data_in ;
; regfile:re|rf~60                        ; Stuck at GND due to stuck port data_in ;
; regfile:re|rf~76                        ; Stuck at GND due to stuck port data_in ;
; regfile:re|rf~92                        ; Stuck at GND due to stuck port data_in ;
; regfile:re|rf~108                       ; Stuck at GND due to stuck port data_in ;
; regfile:re|rf~124                       ; Stuck at GND due to stuck port data_in ;
; regfile:re|rf~13                        ; Stuck at GND due to stuck port data_in ;
; regfile:re|rf~29                        ; Stuck at GND due to stuck port data_in ;
; regfile:re|rf~45                        ; Stuck at GND due to stuck port data_in ;
; regfile:re|rf~61                        ; Stuck at GND due to stuck port data_in ;
; regfile:re|rf~77                        ; Stuck at GND due to stuck port data_in ;
; regfile:re|rf~93                        ; Stuck at GND due to stuck port data_in ;
; regfile:re|rf~109                       ; Stuck at GND due to stuck port data_in ;
; regfile:re|rf~125                       ; Stuck at GND due to stuck port data_in ;
; regfile:re|rf~14                        ; Stuck at GND due to stuck port data_in ;
; regfile:re|rf~30                        ; Stuck at GND due to stuck port data_in ;
; regfile:re|rf~46                        ; Stuck at GND due to stuck port data_in ;
; regfile:re|rf~62                        ; Stuck at GND due to stuck port data_in ;
; regfile:re|rf~78                        ; Stuck at GND due to stuck port data_in ;
; regfile:re|rf~94                        ; Stuck at GND due to stuck port data_in ;
; regfile:re|rf~110                       ; Stuck at GND due to stuck port data_in ;
; regfile:re|rf~126                       ; Stuck at GND due to stuck port data_in ;
; regfile:re|rf~15                        ; Stuck at GND due to stuck port data_in ;
; regfile:re|rf~31                        ; Stuck at GND due to stuck port data_in ;
; regfile:re|rf~47                        ; Stuck at GND due to stuck port data_in ;
; regfile:re|rf~63                        ; Stuck at GND due to stuck port data_in ;
; regfile:re|rf~79                        ; Stuck at GND due to stuck port data_in ;
; regfile:re|rf~95                        ; Stuck at GND due to stuck port data_in ;
; regfile:re|rf~111                       ; Stuck at GND due to stuck port data_in ;
; regfile:re|rf~127                       ; Stuck at GND due to stuck port data_in ;
; regfile:re|rd2[0..15]                   ; Stuck at GND due to stuck port data_in ;
; regfile:re|rd1[0..15]                   ; Stuck at GND due to stuck port data_in ;
; Total Number of Removed Registers = 160 ;                                        ;
+-----------------------------------------+----------------------------------------+


+---------------------------------------------------------------------------------------+
; Removed Registers Triggering Further Register Optimizations                           ;
+------------------+---------------------------+----------------------------------------+
; Register name    ; Reason for Removal        ; Registers Removed due to This Register ;
+------------------+---------------------------+----------------------------------------+
; regfile:re|rf~0  ; Stuck at GND              ; regfile:re|rd2[0], regfile:re|rd1[0]   ;
;                  ; due to stuck port data_in ;                                        ;
; regfile:re|rf~1  ; Stuck at GND              ; regfile:re|rd2[1], regfile:re|rd1[1]   ;
;                  ; due to stuck port data_in ;                                        ;
; regfile:re|rf~2  ; Stuck at GND              ; regfile:re|rd2[2], regfile:re|rd1[2]   ;
;                  ; due to stuck port data_in ;                                        ;
; regfile:re|rf~3  ; Stuck at GND              ; regfile:re|rd2[3], regfile:re|rd1[3]   ;
;                  ; due to stuck port data_in ;                                        ;
; regfile:re|rf~4  ; Stuck at GND              ; regfile:re|rd2[4], regfile:re|rd1[4]   ;
;                  ; due to stuck port data_in ;                                        ;
; regfile:re|rf~5  ; Stuck at GND              ; regfile:re|rd2[5], regfile:re|rd1[5]   ;
;                  ; due to stuck port data_in ;                                        ;
; regfile:re|rf~6  ; Stuck at GND              ; regfile:re|rd2[6], regfile:re|rd1[6]   ;
;                  ; due to stuck port data_in ;                                        ;
; regfile:re|rf~7  ; Stuck at GND              ; regfile:re|rd2[7], regfile:re|rd1[7]   ;
;                  ; due to stuck port data_in ;                                        ;
; regfile:re|rf~8  ; Stuck at GND              ; regfile:re|rd2[8], regfile:re|rd1[8]   ;
;                  ; due to stuck port data_in ;                                        ;
; regfile:re|rf~9  ; Stuck at GND              ; regfile:re|rd2[9], regfile:re|rd1[9]   ;
;                  ; due to stuck port data_in ;                                        ;
; regfile:re|rf~10 ; Stuck at GND              ; regfile:re|rd2[10], regfile:re|rd1[10] ;
;                  ; due to stuck port data_in ;                                        ;
; regfile:re|rf~11 ; Stuck at GND              ; regfile:re|rd2[11], regfile:re|rd1[11] ;
;                  ; due to stuck port data_in ;                                        ;
; regfile:re|rf~12 ; Stuck at GND              ; regfile:re|rd2[12], regfile:re|rd1[12] ;
;                  ; due to stuck port data_in ;                                        ;
; regfile:re|rf~13 ; Stuck at GND              ; regfile:re|rd2[13], regfile:re|rd1[13] ;
;                  ; due to stuck port data_in ;                                        ;
; regfile:re|rf~14 ; Stuck at GND              ; regfile:re|rd2[14], regfile:re|rd1[14] ;
;                  ; due to stuck port data_in ;                                        ;
; regfile:re|rf~15 ; Stuck at GND              ; regfile:re|rd2[15], regfile:re|rd1[15] ;
;                  ; due to stuck port data_in ;                                        ;
+------------------+---------------------------+----------------------------------------+


+------------------------------------------------------+
; General Register Statistics                          ;
+----------------------------------------------+-------+
; Statistic                                    ; Value ;
+----------------------------------------------+-------+
; Total registers                              ; 16    ;
; Number of registers using Synchronous Clear  ; 0     ;
; Number of registers using Synchronous Load   ; 16    ;
; Number of registers using Asynchronous Clear ; 16    ;
; Number of registers using Asynchronous Load  ; 0     ;
; Number of registers using Clock Enable       ; 0     ;
; Number of registers using Preset             ; 0     ;
+----------------------------------------------+-------+


+------------------------------------------------------------------------------------------------------------------------------------------+
; Multiplexer Restructuring Statistics (Restructuring Performed)                                                                           ;
+--------------------+-----------+---------------+----------------------+------------------------+------------+----------------------------+
; Multiplexer Inputs ; Bus Width ; Baseline Area ; Area if Restructured ; Saving if Restructured ; Registered ; Example Multiplexer Output ;
+--------------------+-----------+---------------+----------------------+------------------------+------------+----------------------------+
; 16:1               ; 16 bits   ; 160 LEs       ; 32 LEs               ; 128 LEs                ; No         ; |datapath|ALU:alu|Mux0     ;
+--------------------+-----------+---------------+----------------------+------------------------+------------+----------------------------+


+----------------------------------------------------------+
; Parameter Settings for User Entity Instance: flopr:pcreg ;
+----------------+-------+---------------------------------+
; Parameter Name ; Value ; Type                            ;
+----------------+-------+---------------------------------+
; WIDTH          ; 16    ; Signed Integer                  ;
+----------------+-------+---------------------------------+
Note: In order to hide this table in the UI and the text report file, please set the "Show Parameter Settings in Synthesis Report" option in "Analysis and Synthesis Settings -> More Settings" to "Off".


+-----------------------------------------------------------+
; Parameter Settings for User Entity Instance: mux2:pcbrmux ;
+----------------+-------+----------------------------------+
; Parameter Name ; Value ; Type                             ;
+----------------+-------+----------------------------------+
; WIDTH          ; 16    ; Signed Integer                   ;
+----------------+-------+----------------------------------+
Note: In order to hide this table in the UI and the text report file, please set the "Show Parameter Settings in Synthesis Report" option in "Analysis and Synthesis Settings -> More Settings" to "Off".


+-----------------------------------------------------------+
; Parameter Settings for User Entity Instance: mux2:srcbmux ;
+----------------+-------+----------------------------------+
; Parameter Name ; Value ; Type                             ;
+----------------+-------+----------------------------------+
; WIDTH          ; 16    ; Signed Integer                   ;
+----------------+-------+----------------------------------+
Note: In order to hide this table in the UI and the text report file, please set the "Show Parameter Settings in Synthesis Report" option in "Analysis and Synthesis Settings -> More Settings" to "Off".


+-----------------------------------------------------------------------------------------------------------------------------------------------------------------------------+
; Port Connectivity Checks: "adder:pcadd1"                                                                                                                                    ;
+----------+-------+----------+-----------------------------------------------------------------------------------------------------------------------------------------------+
; Port     ; Type  ; Severity ; Details                                                                                                                                       ;
+----------+-------+----------+-----------------------------------------------------------------------------------------------------------------------------------------------+
; b        ; Input ; Warning  ; Input port expression (15 bits) is smaller than the input port (16 bits) it drives.  Extra input bit(s) "b[15..15]" will be connected to GND. ;
; b[14..1] ; Input ; Info     ; Stuck at GND                                                                                                                                  ;
; b[1]     ; Input ; Info     ; Stuck at VCC                                                                                                                                  ;
+----------+-------+----------+-----------------------------------------------------------------------------------------------------------------------------------------------+


+-----------------------------------------------------+
; Post-Synthesis Netlist Statistics for Top Partition ;
+-----------------------+-----------------------------+
; Type                  ; Count                       ;
+-----------------------+-----------------------------+
; boundary_port         ; 111                         ;
; cycloneiii_ff         ; 16                          ;
;     CLR SLD           ; 16                          ;
; cycloneiii_lcell_comb ; 92                          ;
;     arith             ; 46                          ;
;         2 data inputs ; 31                          ;
;         3 data inputs ; 15                          ;
;     normal            ; 46                          ;
;         0 data inputs ; 2                           ;
;         1 data inputs ; 1                           ;
;         2 data inputs ; 1                           ;
;         3 data inputs ; 18                          ;
;         4 data inputs ; 24                          ;
;                       ;                             ;
; Max LUT depth         ; 6.50                        ;
; Average LUT depth     ; 4.54                        ;
+-----------------------+-----------------------------+


+-------------------------------+
; Elapsed Time Per Partition    ;
+----------------+--------------+
; Partition Name ; Elapsed Time ;
+----------------+--------------+
; Top            ; 00:00:00     ;
+----------------+--------------+


+-------------------------------+
; Analysis & Synthesis Messages ;
+-------------------------------+
Info: *******************************************************************
Info: Running Quartus Prime Analysis & Synthesis
    Info: Version 17.1.0 Build 590 10/25/2017 SJ Standard Edition
    Info: Processing started: Thu May  2 18:59:28 2019
Info: Command: quartus_map --read_settings_files=on --write_settings_files=off datapath -c datapath
Warning (18236): Number of processors has not been specified which may cause overloading on shared machines.  Set the global assignment NUM_PARALLEL_PROCESSORS in your QSF to an appropriate value for best performance.
Info (20030): Parallel compilation is enabled and will use 4 of the 4 processors detected
Info (12021): Found 1 design units, including 1 entities, in source file datapath.v
    Info (12023): Found entity 1: datapath File: /export/home/016/a0163072/CPU/git/datapath/datapath.v Line: 1
Info (12021): Found 1 design units, including 1 entities, in source file regfile.v
    Info (12023): Found entity 1: regfile File: /export/home/016/a0163072/CPU/git/datapath/regfile.v Line: 1
Info (12021): Found 1 design units, including 1 entities, in source file adder.v
    Info (12023): Found entity 1: adder File: /export/home/016/a0163072/CPU/git/datapath/adder.v Line: 1
Info (12021): Found 1 design units, including 1 entities, in source file sl2.v
    Info (12023): Found entity 1: sl2 File: /export/home/016/a0163072/CPU/git/datapath/sl2.v Line: 1
Info (12021): Found 1 design units, including 1 entities, in source file signext.v
    Info (12023): Found entity 1: signext File: /export/home/016/a0163072/CPU/git/datapath/signext.v Line: 1
Info (12021): Found 1 design units, including 1 entities, in source file flopr.v
    Info (12023): Found entity 1: flopr File: /export/home/016/a0163072/CPU/git/datapath/flopr.v Line: 1
Info (12021): Found 1 design units, including 1 entities, in source file mux2.v
    Info (12023): Found entity 1: mux2 File: /export/home/016/a0163072/CPU/git/datapath/mux2.v Line: 1
Info (12021): Found 1 design units, including 1 entities, in source file ALU.v
    Info (12023): Found entity 1: ALU File: /export/home/016/a0163072/CPU/git/datapath/ALU.v Line: 1
Info (12127): Elaborating entity "datapath" for the top level hierarchy
Info (12128): Elaborating entity "flopr" for hierarchy "flopr:pcreg" File: /export/home/016/a0163072/CPU/git/datapath/datapath.v Line: 21
Info (12128): Elaborating entity "adder" for hierarchy "adder:pcadd1" File: /export/home/016/a0163072/CPU/git/datapath/datapath.v Line: 22
Info (12128): Elaborating entity "mux2" for hierarchy "mux2:pcbrmux" File: /export/home/016/a0163072/CPU/git/datapath/datapath.v Line: 25
Info (12128): Elaborating entity "regfile" for hierarchy "regfile:re" File: /export/home/016/a0163072/CPU/git/datapath/datapath.v Line: 29
Info (12128): Elaborating entity "signext" for hierarchy "signext:se" File: /export/home/016/a0163072/CPU/git/datapath/datapath.v Line: 31
Info (12128): Elaborating entity "ALU" for hierarchy "ALU:alu" File: /export/home/016/a0163072/CPU/git/datapath/datapath.v Line: 35
Warning (10230): Verilog HDL assignment warning at ALU.v(27): truncated value with size 32 to match size of target (16) File: /export/home/016/a0163072/CPU/git/datapath/ALU.v Line: 27
Info (276014): Found 1 instances of uninferred RAM logic
    Info (276004): RAM logic "regfile:re|rf" is uninferred due to inappropriate RAM size File: /export/home/016/a0163072/CPU/git/datapath/regfile.v Line: 9
Warning (12241): 1 hierarchies have connectivity warnings - see the Connectivity Checks report folder
Warning (13024): Output pins are stuck at VCC or GND
    Warning (13410): Pin "writedataD[0]" is stuck at GND File: /export/home/016/a0163072/CPU/git/datapath/datapath.v Line: 10
    Warning (13410): Pin "writedataD[1]" is stuck at GND File: /export/home/016/a0163072/CPU/git/datapath/datapath.v Line: 10
    Warning (13410): Pin "writedataD[2]" is stuck at GND File: /export/home/016/a0163072/CPU/git/datapath/datapath.v Line: 10
    Warning (13410): Pin "writedataD[3]" is stuck at GND File: /export/home/016/a0163072/CPU/git/datapath/datapath.v Line: 10
    Warning (13410): Pin "writedataD[4]" is stuck at GND File: /export/home/016/a0163072/CPU/git/datapath/datapath.v Line: 10
    Warning (13410): Pin "writedataD[5]" is stuck at GND File: /export/home/016/a0163072/CPU/git/datapath/datapath.v Line: 10
    Warning (13410): Pin "writedataD[6]" is stuck at GND File: /export/home/016/a0163072/CPU/git/datapath/datapath.v Line: 10
    Warning (13410): Pin "writedataD[7]" is stuck at GND File: /export/home/016/a0163072/CPU/git/datapath/datapath.v Line: 10
    Warning (13410): Pin "writedataD[8]" is stuck at GND File: /export/home/016/a0163072/CPU/git/datapath/datapath.v Line: 10
    Warning (13410): Pin "writedataD[9]" is stuck at GND File: /export/home/016/a0163072/CPU/git/datapath/datapath.v Line: 10
    Warning (13410): Pin "writedataD[10]" is stuck at GND File: /export/home/016/a0163072/CPU/git/datapath/datapath.v Line: 10
    Warning (13410): Pin "writedataD[11]" is stuck at GND File: /export/home/016/a0163072/CPU/git/datapath/datapath.v Line: 10
    Warning (13410): Pin "writedataD[12]" is stuck at GND File: /export/home/016/a0163072/CPU/git/datapath/datapath.v Line: 10
    Warning (13410): Pin "writedataD[13]" is stuck at GND File: /export/home/016/a0163072/CPU/git/datapath/datapath.v Line: 10
    Warning (13410): Pin "writedataD[14]" is stuck at GND File: /export/home/016/a0163072/CPU/git/datapath/datapath.v Line: 10
    Warning (13410): Pin "writedataD[15]" is stuck at GND File: /export/home/016/a0163072/CPU/git/datapath/datapath.v Line: 10
    Warning (13410): Pin "srcaD[0]" is stuck at GND File: /export/home/016/a0163072/CPU/git/datapath/datapath.v Line: 10
    Warning (13410): Pin "srcaD[1]" is stuck at GND File: /export/home/016/a0163072/CPU/git/datapath/datapath.v Line: 10
    Warning (13410): Pin "srcaD[2]" is stuck at GND File: /export/home/016/a0163072/CPU/git/datapath/datapath.v Line: 10
    Warning (13410): Pin "srcaD[3]" is stuck at GND File: /export/home/016/a0163072/CPU/git/datapath/datapath.v Line: 10
    Warning (13410): Pin "srcaD[4]" is stuck at GND File: /export/home/016/a0163072/CPU/git/datapath/datapath.v Line: 10
    Warning (13410): Pin "srcaD[5]" is stuck at GND File: /export/home/016/a0163072/CPU/git/datapath/datapath.v Line: 10
    Warning (13410): Pin "srcaD[6]" is stuck at GND File: /export/home/016/a0163072/CPU/git/datapath/datapath.v Line: 10
    Warning (13410): Pin "srcaD[7]" is stuck at GND File: /export/home/016/a0163072/CPU/git/datapath/datapath.v Line: 10
    Warning (13410): Pin "srcaD[8]" is stuck at GND File: /export/home/016/a0163072/CPU/git/datapath/datapath.v Line: 10
    Warning (13410): Pin "srcaD[9]" is stuck at GND File: /export/home/016/a0163072/CPU/git/datapath/datapath.v Line: 10
    Warning (13410): Pin "srcaD[10]" is stuck at GND File: /export/home/016/a0163072/CPU/git/datapath/datapath.v Line: 10
    Warning (13410): Pin "srcaD[11]" is stuck at GND File: /export/home/016/a0163072/CPU/git/datapath/datapath.v Line: 10
    Warning (13410): Pin "srcaD[12]" is stuck at GND File: /export/home/016/a0163072/CPU/git/datapath/datapath.v Line: 10
    Warning (13410): Pin "srcaD[13]" is stuck at GND File: /export/home/016/a0163072/CPU/git/datapath/datapath.v Line: 10
    Warning (13410): Pin "srcaD[14]" is stuck at GND File: /export/home/016/a0163072/CPU/git/datapath/datapath.v Line: 10
    Warning (13410): Pin "srcaD[15]" is stuck at GND File: /export/home/016/a0163072/CPU/git/datapath/datapath.v Line: 10
Info (286030): Timing-Driven Synthesis is running
Info (144001): Generated suppressed messages file /export/home/016/a0163072/CPU/git/datapath/output_files/datapath.map.smsg
Info (16010): Generating hard_block partition "hard_block:auto_generated_inst"
    Info (16011): Adding 0 node(s), including 0 DDIO, 0 PLL, 0 transceiver and 0 LCELL
Warning (21074): Design contains 11 input pin(s) that do not drive logic
    Warning (15610): No output dependent on input pin "jumpE" File: /export/home/016/a0163072/CPU/git/datapath/datapath.v Line: 5
    Warning (15610): No output dependent on input pin "instrD[14]" File: /export/home/016/a0163072/CPU/git/datapath/datapath.v Line: 9
    Warning (15610): No output dependent on input pin "instrD[15]" File: /export/home/016/a0163072/CPU/git/datapath/datapath.v Line: 9
    Warning (15610): No output dependent on input pin "instrD[11]" File: /export/home/016/a0163072/CPU/git/datapath/datapath.v Line: 9
    Warning (15610): No output dependent on input pin "instrD[12]" File: /export/home/016/a0163072/CPU/git/datapath/datapath.v Line: 9
    Warning (15610): No output dependent on input pin "instrD[13]" File: /export/home/016/a0163072/CPU/git/datapath/datapath.v Line: 9
    Warning (15610): No output dependent on input pin "instrD[8]" File: /export/home/016/a0163072/CPU/git/datapath/datapath.v Line: 9
    Warning (15610): No output dependent on input pin "instrD[9]" File: /export/home/016/a0163072/CPU/git/datapath/datapath.v Line: 9
    Warning (15610): No output dependent on input pin "instrD[10]" File: /export/home/016/a0163072/CPU/git/datapath/datapath.v Line: 9
    Warning (15610): No output dependent on input pin "memtoregW" File: /export/home/016/a0163072/CPU/git/datapath/datapath.v Line: 3
    Warning (15610): No output dependent on input pin "regwriteW" File: /export/home/016/a0163072/CPU/git/datapath/datapath.v Line: 5
Info (21057): Implemented 202 device resources after synthesis - the final resource count might be different
    Info (21058): Implemented 43 input pins
    Info (21059): Implemented 68 output pins
    Info (21061): Implemented 91 logic cells
Info: Quartus Prime Analysis & Synthesis was successful. 0 errors, 48 warnings
    Info: Peak virtual memory: 995 megabytes
    Info: Processing ended: Thu May  2 18:59:38 2019
    Info: Elapsed time: 00:00:10
    Info: Total CPU time (on all processors): 00:00:22


+------------------------------------------+
; Analysis & Synthesis Suppressed Messages ;
+------------------------------------------+
The suppressed messages can be found in /export/home/016/a0163072/CPU/git/datapath/output_files/datapath.map.smsg.


