Flow report for claptonver1
Fri May 31 16:01:12 2019
Quartus Prime Version 17.1.0 Build 590 10/25/2017 SJ Standard Edition


---------------------
; Table of Contents ;
---------------------
  1. Legal Notice
  2. Flow Summary
  3. Flow Settings
  4. Flow Non-Default Global Settings
  5. Flow Elapsed Time
  6. Flow OS Summary
  7. Flow Log
  8. Flow Messages
  9. Flow Suppressed Messages



----------------
; Legal Notice ;
----------------
Copyright (C) 2017  Intel Corporation. All rights reserved.
Your use of Intel Corporation's design tools, logic functions 
and other software and tools, and its AMPP partner logic 
functions, and any output files from any of the foregoing 
(including device programming or simulation files), and any 
associated documentation or information are expressly subject 
to the terms and conditions of the Intel Program License 
Subscription Agreement, the Intel Quartus Prime License Agreement,
the Intel FPGA IP License Agreement, or other applicable license
agreement, including, without limitation, that your use is for
the sole purpose of programming logic devices manufactured by
Intel and sold by Intel or its authorized distributors.  Please
refer to the applicable agreement for further details.



+--------------------------------------------------------------------------------------+
; Flow Summary                                                                         ;
+------------------------------------+-------------------------------------------------+
; Flow Status                        ; Successful - Fri May 31 16:01:12 2019           ;
; Quartus Prime Version              ; 17.1.0 Build 590 10/25/2017 SJ Standard Edition ;
; Revision Name                      ; claptonver1                                     ;
; Top-level Entity Name              ; claptonver1                                     ;
; Family                             ; Cyclone IV E                                    ;
; Device                             ; EP4CE30F23I7                                    ;
; Timing Models                      ; Final                                           ;
; Total logic elements               ; 1,301 / 28,848 ( 5 % )                          ;
;     Total combinational functions  ; 1,228 / 28,848 ( 4 % )                          ;
;     Dedicated logic registers      ; 557 / 28,848 ( 2 % )                            ;
; Total registers                    ; 557                                             ;
; Total pins                         ; 180 / 329 ( 55 % )                              ;
; Total virtual pins                 ; 0                                               ;
; Total memory bits                  ; 131,072 / 608,256 ( 22 % )                      ;
; Embedded Multiplier 9-bit elements ; 0 / 132 ( 0 % )                                 ;
; Total PLLs                         ; 1 / 4 ( 25 % )                                  ;
+------------------------------------+-------------------------------------------------+


+-----------------------------------------+
; Flow Settings                           ;
+-------------------+---------------------+
; Option            ; Setting             ;
+-------------------+---------------------+
; Start date & time ; 05/31/2019 16:00:16 ;
; Main task         ; Compilation         ;
; Revision Name     ; claptonver1         ;
+-------------------+---------------------+


+---------------------------------------------------------------------------------------------------------------------------------------------+
; Flow Non-Default Global Settings                                                                                                            ;
+---------------------------------------------------+------------------------------------------+---------------+-------------+----------------+
; Assignment Name                                   ; Value                                    ; Default Value ; Entity Name ; Section Id     ;
+---------------------------------------------------+------------------------------------------+---------------+-------------+----------------+
; ADV_NETLIST_OPT_SYNTH_WYSIWYG_REMAP               ; On                                       ; Off           ; --          ; --             ;
; COMPILER_SIGNATURE_ID                             ; 158445889771018.155928601618181          ; --            ; --          ; --             ;
; CYCLONEII_OPTIMIZATION_TECHNIQUE                  ; Speed                                    ; Balanced      ; --          ; --             ;
; EDA_DESIGN_INSTANCE_NAME                          ; NA                                       ; --            ; --          ; test1          ;
; EDA_NATIVELINK_SIMULATION_TEST_BENCH              ; test1                                    ; --            ; --          ; eda_simulation ;
; EDA_OUTPUT_DATA_FORMAT                            ; Verilog Hdl                              ; --            ; --          ; eda_simulation ;
; EDA_SIMULATION_TOOL                               ; ModelSim-Altera (Verilog)                ; <None>        ; --          ; --             ;
; EDA_TEST_BENCH_ENABLE_STATUS                      ; TEST_BENCH_MODE                          ; --            ; --          ; eda_simulation ;
; EDA_TEST_BENCH_FILE                               ; simulation/modelsim/claptonver1_test1.vt ; --            ; --          ; test1          ;
; EDA_TEST_BENCH_MODULE_NAME                        ; claptonver1_vlg_tst                      ; --            ; --          ; test1          ;
; EDA_TEST_BENCH_NAME                               ; test1                                    ; --            ; --          ; eda_simulation ;
; EDA_TIME_SCALE                                    ; 1 ps                                     ; --            ; --          ; eda_simulation ;
; FITTER_EFFORT                                     ; Standard Fit                             ; Auto Fit      ; --          ; --             ;
; MAX_CORE_JUNCTION_TEMP                            ; 100                                      ; --            ; --          ; --             ;
; MIN_CORE_JUNCTION_TEMP                            ; -40                                      ; --            ; --          ; --             ;
; MISC_FILE                                         ; pllclk.bsf                               ; --            ; --          ; --             ;
; MISC_FILE                                         ; pllclk_inst.v                            ; --            ; --          ; --             ;
; MISC_FILE                                         ; pllclk_bb.v                              ; --            ; --          ; --             ;
; MISC_FILE                                         ; pllclk.ppf                               ; --            ; --          ; --             ;
; MUX_RESTRUCTURE                                   ; Off                                      ; Auto          ; --          ; --             ;
; NOMINAL_CORE_SUPPLY_VOLTAGE                       ; 1.2V                                     ; --            ; --          ; --             ;
; PARTITION_COLOR                                   ; -- (Not supported for targeted family)   ; --            ; --          ; Top            ;
; PARTITION_FITTER_PRESERVATION_LEVEL               ; -- (Not supported for targeted family)   ; --            ; --          ; Top            ;
; PARTITION_NETLIST_TYPE                            ; -- (Not supported for targeted family)   ; --            ; --          ; Top            ;
; PHYSICAL_SYNTHESIS_ASYNCHRONOUS_SIGNAL_PIPELINING ; On                                       ; Off           ; --          ; --             ;
; PHYSICAL_SYNTHESIS_COMBO_LOGIC                    ; On                                       ; Off           ; --          ; --             ;
; PHYSICAL_SYNTHESIS_REGISTER_DUPLICATION           ; On                                       ; Off           ; --          ; --             ;
; PHYSICAL_SYNTHESIS_REGISTER_RETIMING              ; On                                       ; Off           ; --          ; --             ;
; POWER_BOARD_THERMAL_MODEL                         ; None (CONSERVATIVE)                      ; --            ; --          ; --             ;
; POWER_PRESET_COOLING_SOLUTION                     ; 23 MM HEAT SINK WITH 200 LFPM AIRFLOW    ; --            ; --          ; --             ;
; PROJECT_OUTPUT_DIRECTORY                          ; output_files                             ; --            ; --          ; --             ;
; QII_AUTO_PACKED_REGISTERS                         ; Normal                                   ; Auto          ; --          ; --             ;
; ROUTER_CLOCKING_TOPOLOGY_ANALYSIS                 ; On                                       ; Off           ; --          ; --             ;
; ROUTER_LCELL_INSERTION_AND_LOGIC_DUPLICATION      ; On                                       ; Auto          ; --          ; --             ;
; ROUTER_TIMING_OPTIMIZATION_LEVEL                  ; MAXIMUM                                  ; Normal        ; --          ; --             ;
; SMART_RECOMPILE                                   ; On                                       ; Off           ; --          ; --             ;
+---------------------------------------------------+------------------------------------------+---------------+-------------+----------------+


+-------------------------------------------------------------------------------------------------------------------------------+
; Flow Elapsed Time                                                                                                             ;
+---------------------------+--------------+-------------------------+---------------------+------------------------------------+
; Module Name               ; Elapsed Time ; Average Processors Used ; Peak Virtual Memory ; Total CPU Time (on all processors) ;
+---------------------------+--------------+-------------------------+---------------------+------------------------------------+
; Analysis & Synthesis      ; 00:00:23     ; 1.0                     ; 1126 MB             ; 00:00:51                           ;
; Fitter                    ; 00:00:19     ; 1.1                     ; 1588 MB             ; 00:00:29                           ;
; Assembler                 ; 00:00:02     ; 1.0                     ; 816 MB              ; 00:00:01                           ;
; TimeQuest Timing Analyzer ; 00:00:04     ; 1.1                     ; 873 MB              ; 00:00:03                           ;
; EDA Netlist Writer        ; 00:00:03     ; 1.0                     ; 1072 MB             ; 00:00:02                           ;
; Total                     ; 00:00:51     ; --                      ; --                  ; 00:01:26                           ;
+---------------------------+--------------+-------------------------+---------------------+------------------------------------+


+---------------------------------------------------------------------------------------------+
; Flow OS Summary                                                                             ;
+---------------------------+------------------+----------------+------------+----------------+
; Module Name               ; Machine Hostname ; OS Name        ; OS Version ; Processor type ;
+---------------------------+------------------+----------------+------------+----------------+
; Analysis & Synthesis      ; ws18             ; Ubuntu 16.04.6 ; 16         ; x86_64         ;
; Fitter                    ; ws18             ; Ubuntu 16.04.6 ; 16         ; x86_64         ;
; Assembler                 ; ws18             ; Ubuntu 16.04.6 ; 16         ; x86_64         ;
; TimeQuest Timing Analyzer ; ws18             ; Ubuntu 16.04.6 ; 16         ; x86_64         ;
; EDA Netlist Writer        ; ws18             ; Ubuntu 16.04.6 ; 16         ; x86_64         ;
+---------------------------+------------------+----------------+------------+----------------+


------------
; Flow Log ;
------------
quartus_map --read_settings_files=on --write_settings_files=off claptonver1 -c claptonver1
quartus_fit --read_settings_files=off --write_settings_files=off claptonver1 -c claptonver1
quartus_asm --read_settings_files=off --write_settings_files=off claptonver1 -c claptonver1
quartus_sta claptonver1 -c claptonver1
quartus_eda --read_settings_files=off --write_settings_files=off claptonver1 -c claptonver1



