EDA Netlist Writer report for claptonver1
Fri May 31 16:01:12 2019
Quartus Prime Version 17.1.0 Build 590 10/25/2017 SJ Standard Edition


---------------------
; Table of Contents ;
---------------------
  1. Legal Notice
  2. EDA Netlist Writer Summary
  3. Simulation Settings
  4. Simulation Generated Files
  5. EDA Netlist Writer Messages



----------------
; Legal Notice ;
----------------
Copyright (C) 2017  Intel Corporation. All rights reserved.
Your use of Intel Corporation's design tools, logic functions 
and other software and tools, and its AMPP partner logic 
functions, and any output files from any of the foregoing 
(including device programming or simulation files), and any 
associated documentation or information are expressly subject 
to the terms and conditions of the Intel Program License 
Subscription Agreement, the Intel Quartus Prime License Agreement,
the Intel FPGA IP License Agreement, or other applicable license
agreement, including, without limitation, that your use is for
the sole purpose of programming logic devices manufactured by
Intel and sold by Intel or its authorized distributors.  Please
refer to the applicable agreement for further details.



+-------------------------------------------------------------------+
; EDA Netlist Writer Summary                                        ;
+---------------------------+---------------------------------------+
; EDA Netlist Writer Status ; Successful - Fri May 31 16:01:12 2019 ;
; Revision Name             ; claptonver1                           ;
; Top-level Entity Name     ; claptonver1                           ;
; Family                    ; Cyclone IV E                          ;
; Simulation Files Creation ; Successful                            ;
+---------------------------+---------------------------------------+


+-------------------------------------------------------------------------------------------------------------------------------+
; Simulation Settings                                                                                                           ;
+---------------------------------------------------------------------------------------------------+---------------------------+
; Option                                                                                            ; Setting                   ;
+---------------------------------------------------------------------------------------------------+---------------------------+
; Tool Name                                                                                         ; ModelSim-Altera (Verilog) ;
; Generate functional simulation netlist                                                            ; Off                       ;
; Time scale                                                                                        ; 1 ps                      ;
; Truncate long hierarchy paths                                                                     ; Off                       ;
; Map illegal HDL characters                                                                        ; Off                       ;
; Flatten buses into individual nodes                                                               ; Off                       ;
; Maintain hierarchy                                                                                ; Off                       ;
; Bring out device-wide set/reset signals as ports                                                  ; Off                       ;
; Enable glitch filtering                                                                           ; Off                       ;
; Do not write top level VHDL entity                                                                ; Off                       ;
; Disable detection of setup and hold time violations in the input registers of bi-directional pins ; Off                       ;
; Architecture name in VHDL output netlist                                                          ; structure                 ;
; Generate third-party EDA tool command script for RTL functional simulation                        ; Off                       ;
; Generate third-party EDA tool command script for gate-level simulation                            ; Off                       ;
+---------------------------------------------------------------------------------------------------+---------------------------+


+----------------------------------------------------------------------------------------------------------+
; Simulation Generated Files                                                                               ;
+----------------------------------------------------------------------------------------------------------+
; Generated Files                                                                                          ;
+----------------------------------------------------------------------------------------------------------+
; /export/home/016/a0163072/CPU/git/claptonver1/simulation/modelsim/claptonver1_7_1200mv_100c_slow.vo      ;
; /export/home/016/a0163072/CPU/git/claptonver1/simulation/modelsim/claptonver1_7_1200mv_-40c_slow.vo      ;
; /export/home/016/a0163072/CPU/git/claptonver1/simulation/modelsim/claptonver1_min_1200mv_-40c_fast.vo    ;
; /export/home/016/a0163072/CPU/git/claptonver1/simulation/modelsim/claptonver1.vo                         ;
; /export/home/016/a0163072/CPU/git/claptonver1/simulation/modelsim/claptonver1_7_1200mv_100c_v_slow.sdo   ;
; /export/home/016/a0163072/CPU/git/claptonver1/simulation/modelsim/claptonver1_7_1200mv_-40c_v_slow.sdo   ;
; /export/home/016/a0163072/CPU/git/claptonver1/simulation/modelsim/claptonver1_min_1200mv_-40c_v_fast.sdo ;
; /export/home/016/a0163072/CPU/git/claptonver1/simulation/modelsim/claptonver1_v.sdo                      ;
+----------------------------------------------------------------------------------------------------------+


+-----------------------------+
; EDA Netlist Writer Messages ;
+-----------------------------+
Info: *******************************************************************
Info: Running Quartus Prime EDA Netlist Writer
    Info: Version 17.1.0 Build 590 10/25/2017 SJ Standard Edition
    Info: Processing started: Fri May 31 16:01:09 2019
Info: Command: quartus_eda --read_settings_files=off --write_settings_files=off claptonver1 -c claptonver1
Warning (125092): Tcl Script File regclk.qip not found
    Info (125063): set_global_assignment -name QIP_FILE regclk.qip
Warning (18236): Number of processors has not been specified which may cause overloading on shared machines.  Set the global assignment NUM_PARALLEL_PROCESSORS in your QSF to an appropriate value for best performance.
Info (204019): Generated file claptonver1_7_1200mv_100c_slow.vo in folder "/export/home/016/a0163072/CPU/git/claptonver1/simulation/modelsim/" for EDA simulation tool
Info (204019): Generated file claptonver1_7_1200mv_-40c_slow.vo in folder "/export/home/016/a0163072/CPU/git/claptonver1/simulation/modelsim/" for EDA simulation tool
Info (204019): Generated file claptonver1_min_1200mv_-40c_fast.vo in folder "/export/home/016/a0163072/CPU/git/claptonver1/simulation/modelsim/" for EDA simulation tool
Info (204019): Generated file claptonver1.vo in folder "/export/home/016/a0163072/CPU/git/claptonver1/simulation/modelsim/" for EDA simulation tool
Info (204019): Generated file claptonver1_7_1200mv_100c_v_slow.sdo in folder "/export/home/016/a0163072/CPU/git/claptonver1/simulation/modelsim/" for EDA simulation tool
Info (204019): Generated file claptonver1_7_1200mv_-40c_v_slow.sdo in folder "/export/home/016/a0163072/CPU/git/claptonver1/simulation/modelsim/" for EDA simulation tool
Info (204019): Generated file claptonver1_min_1200mv_-40c_v_fast.sdo in folder "/export/home/016/a0163072/CPU/git/claptonver1/simulation/modelsim/" for EDA simulation tool
Info (204019): Generated file claptonver1_v.sdo in folder "/export/home/016/a0163072/CPU/git/claptonver1/simulation/modelsim/" for EDA simulation tool
Info: Quartus Prime EDA Netlist Writer was successful. 0 errors, 2 warnings
    Info: Peak virtual memory: 1072 megabytes
    Info: Processing ended: Fri May 31 16:01:12 2019
    Info: Elapsed time: 00:00:03
    Info: Total CPU time (on all processors): 00:00:02


